2018-07-23 at 09:10:32 CST INFO  org.springframework.boot.StartupInfoLogger 48 logStarting - Starting SeoAdminApplication on YXY-SZ-041 with PID 5944 (D:\projects\git\seo-information\seo-information-manager\target\classes started by lenovo in D:\projects\git\seo-information\seo-information-manager)
2018-07-23 at 09:10:32 CST INFO  org.springframework.boot.SpringApplication 597 logStartupProfileInfo - The following profiles are active: dev
2018-07-23 at 09:10:32 CST INFO  org.springframework.context.support.AbstractApplicationContext 583 prepareRefresh - Refreshing org.springframework.boot.context.embedded.AnnotationConfigEmbeddedWebApplicationContext@f9f8ca3: startup date [Mon Jul 23 09:10:32 CST 2018]; root of context hierarchy
2018-07-23 at 09:10:32 CST INFO  org.hibernate.validator.internal.util.Version 30 <clinit> - HV000001: Hibernate Validator 5.3.5.Final
2018-07-23 at 09:10:33 CST INFO  org.springframework.data.repository.config.RepositoryConfigurationDelegate 165 multipleStoresDetected - Multiple Spring Data modules found, entering strict repository configuration mode!
2018-07-23 at 09:10:33 CST INFO  org.springframework.data.repository.config.RepositoryConfigurationDelegate 165 multipleStoresDetected - Multiple Spring Data modules found, entering strict repository configuration mode!
2018-07-23 at 09:10:34 CST INFO  org.springframework.context.support.PostProcessorRegistrationDelegate$BeanPostProcessorChecker 327 postProcessAfterInitialization - Bean 'threadPoolConfig' of type [com.yxy.dch.seo.information.config.ThreadPoolConfig$$EnhancerBySpringCGLIB$$fc4bd074] is not eligible for getting processed by all BeanPostProcessors (for example: not eligible for auto-proxying)
2018-07-23 at 09:10:34 CST INFO  org.springframework.scheduling.concurrent.ExecutorConfigurationSupport 165 initialize - Initializing ExecutorService 
2018-07-23 at 09:10:34 CST INFO  org.springframework.context.support.PostProcessorRegistrationDelegate$BeanPostProcessorChecker 327 postProcessAfterInitialization - Bean 'org.springframework.transaction.annotation.ProxyTransactionManagementConfiguration' of type [org.springframework.transaction.annotation.ProxyTransactionManagementConfiguration$$EnhancerBySpringCGLIB$$b7ef8554] is not eligible for getting processed by all BeanPostProcessors (for example: not eligible for auto-proxying)
2018-07-23 at 09:10:34 CST INFO  org.springframework.context.support.PostProcessorRegistrationDelegate$BeanPostProcessorChecker 327 postProcessAfterInitialization - Bean 'spring.redis-org.springframework.boot.autoconfigure.data.redis.RedisProperties' of type [org.springframework.boot.autoconfigure.data.redis.RedisProperties] is not eligible for getting processed by all BeanPostProcessors (for example: not eligible for auto-proxying)
2018-07-23 at 09:10:34 CST INFO  org.springframework.context.support.PostProcessorRegistrationDelegate$BeanPostProcessorChecker 327 postProcessAfterInitialization - Bean 'redisConfig' of type [com.yxy.dch.seo.information.config.RedisConfig$$EnhancerBySpringCGLIB$$d77b4583] is not eligible for getting processed by all BeanPostProcessors (for example: not eligible for auto-proxying)
2018-07-23 at 09:10:34 CST INFO  org.springframework.context.support.PostProcessorRegistrationDelegate$BeanPostProcessorChecker 327 postProcessAfterInitialization - Bean 'keyGenerator' of type [com.yxy.dch.seo.information.config.RedisConfig$$Lambda$7/231414603] is not eligible for getting processed by all BeanPostProcessors (for example: not eligible for auto-proxying)
2018-07-23 at 09:10:34 CST INFO  org.springframework.context.support.PostProcessorRegistrationDelegate$BeanPostProcessorChecker 327 postProcessAfterInitialization - Bean 'org.springframework.cache.annotation.ProxyCachingConfiguration' of type [org.springframework.cache.annotation.ProxyCachingConfiguration$$EnhancerBySpringCGLIB$$101bb72] is not eligible for getting processed by all BeanPostProcessors (for example: not eligible for auto-proxying)
2018-07-23 at 09:10:35 CST INFO  org.springframework.boot.context.embedded.tomcat.TomcatEmbeddedServletContainer 89 initialize - Tomcat initialized with port(s): 9902 (http)
2018-07-23 at 09:10:35 CST INFO  org.apache.juli.logging.DirectJDKLog 179 log - Starting service [Tomcat]
2018-07-23 at 09:10:35 CST INFO  org.apache.juli.logging.DirectJDKLog 179 log - Starting Servlet Engine: Apache Tomcat/8.5.23
2018-07-23 at 09:10:35 CST INFO  org.apache.juli.logging.DirectJDKLog 179 log - Initializing Spring embedded WebApplicationContext
2018-07-23 at 09:10:35 CST INFO  org.springframework.boot.context.embedded.EmbeddedWebApplicationContext 276 prepareEmbeddedWebApplicationContext - Root WebApplicationContext: initialization completed in 2836 ms
2018-07-23 at 09:10:35 CST INFO  org.springframework.boot.web.servlet.ServletRegistrationBean 190 onStartup - Mapping servlet: 'dispatcherServlet' to [/]
2018-07-23 at 09:10:35 CST INFO  org.springframework.boot.web.servlet.AbstractFilterRegistrationBean 258 configure - Mapping filter: 'metricsFilter' to: [/*]
2018-07-23 at 09:10:35 CST INFO  org.springframework.boot.web.servlet.AbstractFilterRegistrationBean 258 configure - Mapping filter: 'characterEncodingFilter' to: [/*]
2018-07-23 at 09:10:35 CST INFO  org.springframework.boot.web.servlet.AbstractFilterRegistrationBean 258 configure - Mapping filter: 'hiddenHttpMethodFilter' to: [/*]
2018-07-23 at 09:10:35 CST INFO  org.springframework.boot.web.servlet.AbstractFilterRegistrationBean 258 configure - Mapping filter: 'httpPutFormContentFilter' to: [/*]
2018-07-23 at 09:10:35 CST INFO  org.springframework.boot.web.servlet.AbstractFilterRegistrationBean 258 configure - Mapping filter: 'requestContextFilter' to: [/*]
2018-07-23 at 09:10:35 CST INFO  org.springframework.boot.web.servlet.AbstractFilterRegistrationBean 258 configure - Mapping filter: 'webRequestLoggingFilter' to: [/*]
2018-07-23 at 09:10:35 CST INFO  org.springframework.boot.web.servlet.AbstractFilterRegistrationBean 258 configure - Mapping filter: 'corsFilter' to: [/*]
2018-07-23 at 09:10:35 CST INFO  org.springframework.boot.web.servlet.AbstractFilterRegistrationBean 258 configure - Mapping filter: 'applicationContextIdFilter' to: [/*]
2018-07-23 at 09:10:36 CST INFO  com.alibaba.druid.support.logging.Log4j2Impl 106 info - {dataSource-1} inited
2018-07-23 at 09:10:36 CST INFO  org.springframework.orm.jpa.LocalContainerEntityManagerFactoryBean 349 createNativeEntityManagerFactory - Building JPA container EntityManagerFactory for persistence unit 'default'
2018-07-23 at 09:10:36 CST INFO  org.hibernate.jpa.internal.util.LogHelper 31 logPersistenceUnitInformation - HHH000204: Processing PersistenceUnitInfo [
	name: default
	...]
2018-07-23 at 09:10:36 CST INFO  org.hibernate.Version 37 logVersion - HHH000412: Hibernate Core {5.0.12.Final}
2018-07-23 at 09:10:36 CST INFO  org.hibernate.cfg.Environment 213 <clinit> - HHH000206: hibernate.properties not found
2018-07-23 at 09:10:36 CST INFO  org.hibernate.cfg.Environment 317 buildBytecodeProvider - HHH000021: Bytecode provider name : javassist
2018-07-23 at 09:10:36 CST INFO  org.hibernate.annotations.common.reflection.java.JavaReflectionManager 66 <clinit> - HCANN000001: Hibernate Commons Annotations {5.0.1.Final}
2018-07-23 at 09:10:36 CST INFO  org.hibernate.dialect.Dialect 156 <init> - HHH000400: Using dialect: org.hibernate.dialect.MySQL5Dialect
2018-07-23 at 09:10:37 CST INFO  org.springframework.orm.jpa.AbstractEntityManagerFactoryBean 379 buildNativeEntityManagerFactory - Initialized JPA EntityManagerFactory for persistence unit 'default'
2018-07-23 at 09:10:39 CST INFO  org.springframework.web.servlet.handler.AbstractHandlerMethodMapping$MappingRegistry 543 register - Mapped "{[/article/remove],methods=[POST]}" onto public java.lang.Boolean com.yxy.dch.seo.information.web.ArticleController.remove(com.yxy.dch.seo.information.vo.ArticleVO)
2018-07-23 at 09:10:39 CST INFO  org.springframework.web.servlet.handler.AbstractHandlerMethodMapping$MappingRegistry 543 register - Mapped "{[/article/create],methods=[POST]}" onto public com.yxy.dch.seo.information.vo.ArticleVO com.yxy.dch.seo.information.web.ArticleController.create(com.yxy.dch.seo.information.vo.ArticleVO)
2018-07-23 at 09:10:39 CST INFO  org.springframework.web.servlet.handler.AbstractHandlerMethodMapping$MappingRegistry 543 register - Mapped "{[/article/up],methods=[POST]}" onto public com.yxy.dch.seo.information.vo.ArticleVO com.yxy.dch.seo.information.web.ArticleController.up(com.yxy.dch.seo.information.vo.ArticleVO)
2018-07-23 at 09:10:39 CST INFO  org.springframework.web.servlet.handler.AbstractHandlerMethodMapping$MappingRegistry 543 register - Mapped "{[/article/view],methods=[POST]}" onto public com.yxy.dch.seo.information.vo.ArticleVO com.yxy.dch.seo.information.web.ArticleController.view(com.yxy.dch.seo.information.vo.ArticleVO)
2018-07-23 at 09:10:39 CST INFO  org.springframework.web.servlet.handler.AbstractHandlerMethodMapping$MappingRegistry 543 register - Mapped "{[/article/down],methods=[POST]}" onto public com.yxy.dch.seo.information.vo.ArticleVO com.yxy.dch.seo.information.web.ArticleController.down(com.yxy.dch.seo.information.vo.ArticleVO)
2018-07-23 at 09:10:39 CST INFO  org.springframework.web.servlet.handler.AbstractHandlerMethodMapping$MappingRegistry 543 register - Mapped "{[/article/listByPage],methods=[POST]}" onto public com.github.pagehelper.PageInfo<com.yxy.dch.seo.information.vo.ArticleVO> com.yxy.dch.seo.information.web.ArticleController.listByPage(com.yxy.dch.seo.information.vo.ArticleVO,com.yxy.dch.seo.information.vo.Page)
2018-07-23 at 09:10:39 CST INFO  org.springframework.web.servlet.handler.AbstractHandlerMethodMapping$MappingRegistry 543 register - Mapped "{[/article/uploadContent],methods=[POST]}" onto public java.lang.String com.yxy.dch.seo.information.web.ArticleController.uploadContent(com.yxy.dch.seo.information.vo.ColumnVO,org.springframework.web.multipart.MultipartFile)
2018-07-23 at 09:10:39 CST INFO  org.springframework.web.servlet.handler.AbstractHandlerMethodMapping$MappingRegistry 543 register - Mapped "{[/article/uploadImg],methods=[POST]}" onto public com.yxy.dch.seo.information.vo.ImgVO com.yxy.dch.seo.information.web.ArticleController.uploadImg(org.springframework.web.multipart.MultipartFile)
2018-07-23 at 09:10:39 CST INFO  org.springframework.web.servlet.handler.AbstractHandlerMethodMapping$MappingRegistry 543 register - Mapped "{[/article/modify],methods=[POST]}" onto public com.yxy.dch.seo.information.vo.ArticleVO com.yxy.dch.seo.information.web.ArticleController.modify(com.yxy.dch.seo.information.vo.ArticleVO)
2018-07-23 at 09:10:39 CST INFO  org.springframework.web.servlet.handler.AbstractHandlerMethodMapping$MappingRegistry 543 register - Mapped "{[/banner/remove],methods=[POST]}" onto public java.lang.Boolean com.yxy.dch.seo.information.web.BannerController.remove(com.yxy.dch.seo.information.vo.BannerVO)
2018-07-23 at 09:10:39 CST INFO  org.springframework.web.servlet.handler.AbstractHandlerMethodMapping$MappingRegistry 543 register - Mapped "{[/banner/create],methods=[POST]}" onto public com.yxy.dch.seo.information.vo.BannerVO com.yxy.dch.seo.information.web.BannerController.create(com.yxy.dch.seo.information.vo.BannerVO)
2018-07-23 at 09:10:39 CST INFO  org.springframework.web.servlet.handler.AbstractHandlerMethodMapping$MappingRegistry 543 register - Mapped "{[/banner/view],methods=[POST]}" onto public com.yxy.dch.seo.information.vo.BannerVO com.yxy.dch.seo.information.web.BannerController.view(com.yxy.dch.seo.information.vo.BannerVO)
2018-07-23 at 09:10:39 CST INFO  org.springframework.web.servlet.handler.AbstractHandlerMethodMapping$MappingRegistry 543 register - Mapped "{[/banner/listByPage],methods=[POST]}" onto public com.github.pagehelper.PageInfo<com.yxy.dch.seo.information.vo.BannerVO> com.yxy.dch.seo.information.web.BannerController.listByPage(com.yxy.dch.seo.information.vo.BannerVO,com.yxy.dch.seo.information.vo.Page)
2018-07-23 at 09:10:39 CST INFO  org.springframework.web.servlet.handler.AbstractHandlerMethodMapping$MappingRegistry 543 register - Mapped "{[/banner/modify],methods=[POST]}" onto public com.yxy.dch.seo.information.vo.BannerVO com.yxy.dch.seo.information.web.BannerController.modify(com.yxy.dch.seo.information.vo.BannerVO)
2018-07-23 at 09:10:39 CST INFO  org.springframework.web.servlet.handler.AbstractHandlerMethodMapping$MappingRegistry 543 register - Mapped "{[/channel/create],methods=[POST]}" onto public com.yxy.dch.seo.information.vo.ChannelVO com.yxy.dch.seo.information.web.ChannelController.create(com.yxy.dch.seo.information.vo.ChannelVO)
2018-07-23 at 09:10:39 CST INFO  org.springframework.web.servlet.handler.AbstractHandlerMethodMapping$MappingRegistry 543 register - Mapped "{[/channel/modify],methods=[POST]}" onto public com.yxy.dch.seo.information.vo.ChannelVO com.yxy.dch.seo.information.web.ChannelController.modify(com.yxy.dch.seo.information.vo.ChannelVO)
2018-07-23 at 09:10:39 CST INFO  org.springframework.web.servlet.handler.AbstractHandlerMethodMapping$MappingRegistry 543 register - Mapped "{[/column/remove],methods=[POST]}" onto public java.lang.Boolean com.yxy.dch.seo.information.web.ColumnController.remove(com.yxy.dch.seo.information.vo.ColumnVO)
2018-07-23 at 09:10:39 CST INFO  org.springframework.web.servlet.handler.AbstractHandlerMethodMapping$MappingRegistry 543 register - Mapped "{[/column/create],methods=[POST]}" onto public com.yxy.dch.seo.information.vo.ColumnVO com.yxy.dch.seo.information.web.ColumnController.create(com.yxy.dch.seo.information.vo.ColumnVO)
2018-07-23 at 09:10:39 CST INFO  org.springframework.web.servlet.handler.AbstractHandlerMethodMapping$MappingRegistry 543 register - Mapped "{[/column/list],methods=[POST]}" onto public java.util.List<com.yxy.dch.seo.information.vo.ColumnVO> com.yxy.dch.seo.information.web.ColumnController.list(com.yxy.dch.seo.information.vo.ColumnVO)
2018-07-23 at 09:10:39 CST INFO  org.springframework.web.servlet.handler.AbstractHandlerMethodMapping$MappingRegistry 543 register - Mapped "{[/column/view],methods=[POST]}" onto public com.yxy.dch.seo.information.vo.ColumnVO com.yxy.dch.seo.information.web.ColumnController.view(com.yxy.dch.seo.information.vo.ColumnVO)
2018-07-23 at 09:10:39 CST INFO  org.springframework.web.servlet.handler.AbstractHandlerMethodMapping$MappingRegistry 543 register - Mapped "{[/column/listByPage],methods=[POST]}" onto public com.github.pagehelper.PageInfo<com.yxy.dch.seo.information.vo.ColumnVO> com.yxy.dch.seo.information.web.ColumnController.listByPage(com.yxy.dch.seo.information.vo.ColumnVO,com.yxy.dch.seo.information.vo.Page)
2018-07-23 at 09:10:39 CST INFO  org.springframework.web.servlet.handler.AbstractHandlerMethodMapping$MappingRegistry 543 register - Mapped "{[/column/uploadPicture],methods=[POST]}" onto public java.lang.String com.yxy.dch.seo.information.web.ColumnController.uploadPicture(com.yxy.dch.seo.information.vo.ColumnVO,org.springframework.web.multipart.MultipartFile)
2018-07-23 at 09:10:39 CST INFO  org.springframework.web.servlet.handler.AbstractHandlerMethodMapping$MappingRegistry 543 register - Mapped "{[/column/modify],methods=[POST]}" onto public com.yxy.dch.seo.information.vo.ColumnVO com.yxy.dch.seo.information.web.ColumnController.modify(com.yxy.dch.seo.information.vo.ColumnVO)
2018-07-23 at 09:10:39 CST INFO  org.springframework.web.servlet.handler.AbstractHandlerMethodMapping$MappingRegistry 543 register - Mapped "{[/data/import]}" onto public java.lang.String com.yxy.dch.seo.information.web.HistoryDataController.importHistoryData()
2018-07-23 at 09:10:39 CST INFO  org.springframework.web.servlet.handler.AbstractHandlerMethodMapping$MappingRegistry 543 register - Mapped "{[/api/register],methods=[POST]}" onto public com.yxy.dch.seo.information.vo.UserVO com.yxy.dch.seo.information.web.MemberController.register(com.yxy.dch.seo.information.vo.UserVO)
2018-07-23 at 09:10:39 CST INFO  org.springframework.web.servlet.handler.AbstractHandlerMethodMapping$MappingRegistry 543 register - Mapped "{[/api/userinfo/update],methods=[POST]}" onto public com.yxy.dch.seo.information.vo.UserVO com.yxy.dch.seo.information.web.MemberController.updateUserInfo(com.yxy.dch.seo.information.vo.UserVO)
2018-07-23 at 09:10:39 CST INFO  org.springframework.web.servlet.handler.AbstractHandlerMethodMapping$MappingRegistry 543 register - Mapped "{[/api/exsistUser],methods=[POST]}" onto public boolean com.yxy.dch.seo.information.web.MemberController.exsistUser(java.lang.String,java.lang.Integer)
2018-07-23 at 09:10:39 CST INFO  org.springframework.web.servlet.handler.AbstractHandlerMethodMapping$MappingRegistry 543 register - Mapped "{[/api/loginDiff],methods=[POST]}" onto public com.yxy.dch.seo.information.vo.UserVO com.yxy.dch.seo.information.web.MemberController.loginDiff(java.lang.String,java.lang.String,int)
2018-07-23 at 09:10:39 CST INFO  org.springframework.web.servlet.handler.AbstractHandlerMethodMapping$MappingRegistry 543 register - Mapped "{[/api/login],methods=[POST]}" onto public com.yxy.dch.seo.information.vo.UserVO com.yxy.dch.seo.information.web.MemberController.login(java.lang.String,java.lang.String)
2018-07-23 at 09:10:39 CST INFO  org.springframework.web.servlet.handler.AbstractHandlerMethodMapping$MappingRegistry 543 register - Mapped "{[/api/registerConfirm],methods=[POST]}" onto public boolean com.yxy.dch.seo.information.web.MemberController.registerConfirm(java.lang.Long,int)
2018-07-23 at 09:10:39 CST INFO  org.springframework.web.servlet.handler.AbstractHandlerMethodMapping$MappingRegistry 543 register - Mapped "{[/api/checkLoginStatus]}" onto public boolean com.yxy.dch.seo.information.web.MemberController.checkLoginStatus(java.lang.String)
2018-07-23 at 09:10:39 CST INFO  org.springframework.web.servlet.handler.AbstractHandlerMethodMapping$MappingRegistry 543 register - Mapped "{[/api/getCurLoginUser]}" onto public com.yxy.dch.seo.information.entity.User com.yxy.dch.seo.information.web.MemberController.getCurLoginUser()
2018-07-23 at 09:10:39 CST INFO  org.springframework.web.servlet.handler.AbstractHandlerMethodMapping$MappingRegistry 543 register - Mapped "{[/api/loginOut]}" onto public boolean com.yxy.dch.seo.information.web.MemberController.loginOut()
2018-07-23 at 09:10:39 CST INFO  org.springframework.web.servlet.handler.AbstractHandlerMethodMapping$MappingRegistry 543 register - Mapped "{[/api/queryUserInfo],methods=[POST]}" onto public java.util.List<com.yxy.dch.seo.information.vo.UserVO> com.yxy.dch.seo.information.web.MemberController.queryUserInfo(java.lang.String,java.lang.Integer)
2018-07-23 at 09:10:39 CST INFO  org.springframework.web.servlet.handler.AbstractHandlerMethodMapping$MappingRegistry 543 register - Mapped "{[/api/accounts/bind],methods=[POST]}" onto public java.lang.String com.yxy.dch.seo.information.web.MemberController.bindAccounts(java.lang.Long,java.lang.String)
2018-07-23 at 09:10:39 CST INFO  org.springframework.web.servlet.handler.AbstractHandlerMethodMapping$MappingRegistry 543 register - Mapped "{[/api/account/modifyPassword],methods=[POST]}" onto public com.yxy.dch.seo.information.vo.UserVO com.yxy.dch.seo.information.web.MemberController.modifyPassword(java.lang.Long,java.lang.String,java.lang.String)
2018-07-23 at 09:10:39 CST INFO  org.springframework.web.servlet.handler.AbstractHandlerMethodMapping$MappingRegistry 543 register - Mapped "{[/api/account/resetPassword],methods=[POST]}" onto public com.yxy.dch.seo.information.vo.UserVO com.yxy.dch.seo.information.web.MemberController.resetPassword(java.lang.Long,java.lang.String)
2018-07-23 at 09:10:39 CST INFO  org.springframework.web.servlet.handler.AbstractHandlerMethodMapping$MappingRegistry 543 register - Mapped "{[/api/loginWithVerifyCode],methods=[POST]}" onto public com.yxy.dch.seo.information.vo.UserVO com.yxy.dch.seo.information.web.MemberController.loginWithVerifyCode(java.lang.String)
2018-07-23 at 09:10:39 CST INFO  org.springframework.web.servlet.handler.AbstractHandlerMethodMapping$MappingRegistry 543 register - Mapped "{[/api/modifyTokenExpireTime],methods=[POST]}" onto public boolean com.yxy.dch.seo.information.web.MemberController.modifyTokenExpireTime(long)
2018-07-23 at 09:10:39 CST INFO  org.springframework.web.servlet.handler.AbstractHandlerMethodMapping$MappingRegistry 543 register - Mapped "{[/api/batchQueryUserInfo],methods=[POST]}" onto public java.util.Map<java.lang.String, java.util.List<com.yxy.dch.seo.information.vo.UserVO>> com.yxy.dch.seo.information.web.MemberController.batchQueryUserInfo(java.lang.String,java.lang.Integer)
2018-07-23 at 09:10:39 CST INFO  org.springframework.web.servlet.handler.AbstractHandlerMethodMapping$MappingRegistry 543 register - Mapped "{[/api/queryUserInfoById],methods=[POST]}" onto public com.yxy.dch.seo.information.vo.UserVO com.yxy.dch.seo.information.web.MemberController.queryUserInfoById(java.lang.Long)
2018-07-23 at 09:10:39 CST INFO  org.springframework.web.servlet.handler.AbstractHandlerMethodMapping$MappingRegistry 543 register - Mapped "{[/api/account/resetPassByPhone],methods=[POST]}" onto public java.util.List<com.yxy.dch.seo.information.vo.UserVO> com.yxy.dch.seo.information.web.MemberController.resetPasswordByPhone(java.lang.String,java.lang.String)
2018-07-23 at 09:10:39 CST INFO  org.springframework.web.servlet.handler.AbstractHandlerMethodMapping$MappingRegistry 543 register - Mapped "{[/api/account/resetPassByEmail],methods=[POST]}" onto public java.util.List<com.yxy.dch.seo.information.vo.UserVO> com.yxy.dch.seo.information.web.MemberController.resetPasswordByEmail(java.lang.String,java.lang.String)
2018-07-23 at 09:10:39 CST INFO  org.springframework.web.servlet.handler.AbstractHandlerMethodMapping$MappingRegistry 543 register - Mapped "{[/tag/remove],methods=[POST]}" onto public java.lang.Boolean com.yxy.dch.seo.information.web.TagController.remove(com.yxy.dch.seo.information.vo.TagVO)
2018-07-23 at 09:10:39 CST INFO  org.springframework.web.servlet.handler.AbstractHandlerMethodMapping$MappingRegistry 543 register - Mapped "{[/tag/create],methods=[POST]}" onto public com.yxy.dch.seo.information.vo.TagVO com.yxy.dch.seo.information.web.TagController.create(com.yxy.dch.seo.information.vo.TagVO)
2018-07-23 at 09:10:39 CST INFO  org.springframework.web.servlet.handler.AbstractHandlerMethodMapping$MappingRegistry 543 register - Mapped "{[/tag/view],methods=[POST]}" onto public com.yxy.dch.seo.information.vo.TagVO com.yxy.dch.seo.information.web.TagController.view(com.yxy.dch.seo.information.vo.TagVO)
2018-07-23 at 09:10:39 CST INFO  org.springframework.web.servlet.handler.AbstractHandlerMethodMapping$MappingRegistry 543 register - Mapped "{[/tag/listByPage],methods=[POST]}" onto public com.github.pagehelper.PageInfo<com.yxy.dch.seo.information.vo.TagVO> com.yxy.dch.seo.information.web.TagController.listByPage(com.yxy.dch.seo.information.vo.TagVO,com.yxy.dch.seo.information.vo.Page)
2018-07-23 at 09:10:39 CST INFO  org.springframework.web.servlet.handler.AbstractHandlerMethodMapping$MappingRegistry 543 register - Mapped "{[/tag/modify],methods=[POST]}" onto public com.yxy.dch.seo.information.vo.TagVO com.yxy.dch.seo.information.web.TagController.modify(com.yxy.dch.seo.information.vo.TagVO)
2018-07-23 at 09:10:39 CST INFO  org.springframework.web.servlet.handler.AbstractHandlerMethodMapping$MappingRegistry 543 register - Mapped "{[/swagger-resources/configuration/security]}" onto public org.springframework.http.ResponseEntity<springfox.documentation.swagger.web.SecurityConfiguration> springfox.documentation.swagger.web.ApiResourceController.securityConfiguration()
2018-07-23 at 09:10:39 CST INFO  org.springframework.web.servlet.handler.AbstractHandlerMethodMapping$MappingRegistry 543 register - Mapped "{[/swagger-resources]}" onto public org.springframework.http.ResponseEntity<java.util.List<springfox.documentation.swagger.web.SwaggerResource>> springfox.documentation.swagger.web.ApiResourceController.swaggerResources()
2018-07-23 at 09:10:39 CST INFO  org.springframework.web.servlet.handler.AbstractHandlerMethodMapping$MappingRegistry 543 register - Mapped "{[/swagger-resources/configuration/ui]}" onto public org.springframework.http.ResponseEntity<springfox.documentation.swagger.web.UiConfiguration> springfox.documentation.swagger.web.ApiResourceController.uiConfiguration()
2018-07-23 at 09:10:39 CST INFO  org.springframework.web.servlet.handler.AbstractHandlerMethodMapping$MappingRegistry 543 register - Mapped "{[/error]}" onto public org.springframework.http.ResponseEntity<java.util.Map<java.lang.String, java.lang.Object>> org.springframework.boot.autoconfigure.web.BasicErrorController.error(javax.servlet.http.HttpServletRequest)
2018-07-23 at 09:10:39 CST INFO  org.springframework.web.servlet.handler.AbstractHandlerMethodMapping$MappingRegistry 543 register - Mapped "{[/error],produces=[text/html]}" onto public org.springframework.web.servlet.ModelAndView org.springframework.boot.autoconfigure.web.BasicErrorController.errorHtml(javax.servlet.http.HttpServletRequest,javax.servlet.http.HttpServletResponse)
2018-07-23 at 09:10:39 CST INFO  org.springframework.web.servlet.handler.AbstractHandlerMethodMapping$MappingRegistry 543 register - Mapped "{[/auditevents || /auditevents.json],methods=[GET],produces=[application/vnd.spring-boot.actuator.v1+json || application/json]}" onto public org.springframework.http.ResponseEntity<?> org.springframework.boot.actuate.endpoint.mvc.AuditEventsMvcEndpoint.findByPrincipalAndAfterAndType(java.lang.String,java.util.Date,java.lang.String)
2018-07-23 at 09:10:39 CST INFO  org.springframework.web.servlet.handler.AbstractHandlerMethodMapping$MappingRegistry 543 register - Mapped "{[/mappings || /mappings.json],methods=[GET],produces=[application/vnd.spring-boot.actuator.v1+json || application/json]}" onto public java.lang.Object org.springframework.boot.actuate.endpoint.mvc.EndpointMvcAdapter.invoke()
2018-07-23 at 09:10:39 CST INFO  org.springframework.web.servlet.handler.AbstractHandlerMethodMapping$MappingRegistry 543 register - Mapped "{[/metrics/{name:.*}],methods=[GET],produces=[application/vnd.spring-boot.actuator.v1+json || application/json]}" onto public java.lang.Object org.springframework.boot.actuate.endpoint.mvc.MetricsMvcEndpoint.value(java.lang.String)
2018-07-23 at 09:10:39 CST INFO  org.springframework.web.servlet.handler.AbstractHandlerMethodMapping$MappingRegistry 543 register - Mapped "{[/metrics || /metrics.json],methods=[GET],produces=[application/vnd.spring-boot.actuator.v1+json || application/json]}" onto public java.lang.Object org.springframework.boot.actuate.endpoint.mvc.EndpointMvcAdapter.invoke()
2018-07-23 at 09:10:39 CST INFO  org.springframework.web.servlet.handler.AbstractHandlerMethodMapping$MappingRegistry 543 register - Mapped "{[/env/{name:.*}],methods=[GET],produces=[application/vnd.spring-boot.actuator.v1+json || application/json]}" onto public java.lang.Object org.springframework.boot.actuate.endpoint.mvc.EnvironmentMvcEndpoint.value(java.lang.String)
2018-07-23 at 09:10:39 CST INFO  org.springframework.web.servlet.handler.AbstractHandlerMethodMapping$MappingRegistry 543 register - Mapped "{[/env || /env.json],methods=[GET],produces=[application/vnd.spring-boot.actuator.v1+json || application/json]}" onto public java.lang.Object org.springframework.boot.actuate.endpoint.mvc.EndpointMvcAdapter.invoke()
2018-07-23 at 09:10:39 CST INFO  org.springframework.web.servlet.handler.AbstractHandlerMethodMapping$MappingRegistry 543 register - Mapped "{[/beans || /beans.json],methods=[GET],produces=[application/vnd.spring-boot.actuator.v1+json || application/json]}" onto public java.lang.Object org.springframework.boot.actuate.endpoint.mvc.EndpointMvcAdapter.invoke()
2018-07-23 at 09:10:39 CST INFO  org.springframework.web.servlet.handler.AbstractHandlerMethodMapping$MappingRegistry 543 register - Mapped "{[/heapdump || /heapdump.json],methods=[GET],produces=[application/octet-stream]}" onto public void org.springframework.boot.actuate.endpoint.mvc.HeapdumpMvcEndpoint.invoke(boolean,javax.servlet.http.HttpServletRequest,javax.servlet.http.HttpServletResponse) throws java.io.IOException,javax.servlet.ServletException
2018-07-23 at 09:10:39 CST INFO  org.springframework.web.servlet.handler.AbstractHandlerMethodMapping$MappingRegistry 543 register - Mapped "{[/autoconfig || /autoconfig.json],methods=[GET],produces=[application/vnd.spring-boot.actuator.v1+json || application/json]}" onto public java.lang.Object org.springframework.boot.actuate.endpoint.mvc.EndpointMvcAdapter.invoke()
2018-07-23 at 09:10:39 CST INFO  org.springframework.web.servlet.handler.AbstractHandlerMethodMapping$MappingRegistry 543 register - Mapped "{[/configprops || /configprops.json],methods=[GET],produces=[application/vnd.spring-boot.actuator.v1+json || application/json]}" onto public java.lang.Object org.springframework.boot.actuate.endpoint.mvc.EndpointMvcAdapter.invoke()
2018-07-23 at 09:10:39 CST INFO  org.springframework.web.servlet.handler.AbstractHandlerMethodMapping$MappingRegistry 543 register - Mapped "{[/trace || /trace.json],methods=[GET],produces=[application/vnd.spring-boot.actuator.v1+json || application/json]}" onto public java.lang.Object org.springframework.boot.actuate.endpoint.mvc.EndpointMvcAdapter.invoke()
2018-07-23 at 09:10:39 CST INFO  org.springframework.web.servlet.handler.AbstractHandlerMethodMapping$MappingRegistry 543 register - Mapped "{[/info || /info.json],methods=[GET],produces=[application/vnd.spring-boot.actuator.v1+json || application/json]}" onto public java.lang.Object org.springframework.boot.actuate.endpoint.mvc.EndpointMvcAdapter.invoke()
2018-07-23 at 09:10:39 CST INFO  org.springframework.web.servlet.handler.AbstractHandlerMethodMapping$MappingRegistry 543 register - Mapped "{[/dump || /dump.json],methods=[GET],produces=[application/vnd.spring-boot.actuator.v1+json || application/json]}" onto public java.lang.Object org.springframework.boot.actuate.endpoint.mvc.EndpointMvcAdapter.invoke()
2018-07-23 at 09:10:39 CST INFO  org.springframework.web.servlet.handler.AbstractHandlerMethodMapping$MappingRegistry 543 register - Mapped "{[/loggers/{name:.*}],methods=[GET],produces=[application/vnd.spring-boot.actuator.v1+json || application/json]}" onto public java.lang.Object org.springframework.boot.actuate.endpoint.mvc.LoggersMvcEndpoint.get(java.lang.String)
2018-07-23 at 09:10:39 CST INFO  org.springframework.web.servlet.handler.AbstractHandlerMethodMapping$MappingRegistry 543 register - Mapped "{[/loggers/{name:.*}],methods=[POST],consumes=[application/vnd.spring-boot.actuator.v1+json || application/json],produces=[application/vnd.spring-boot.actuator.v1+json || application/json]}" onto public java.lang.Object org.springframework.boot.actuate.endpoint.mvc.LoggersMvcEndpoint.set(java.lang.String,java.util.Map<java.lang.String, java.lang.String>)
2018-07-23 at 09:10:39 CST INFO  org.springframework.web.servlet.handler.AbstractHandlerMethodMapping$MappingRegistry 543 register - Mapped "{[/loggers || /loggers.json],methods=[GET],produces=[application/vnd.spring-boot.actuator.v1+json || application/json]}" onto public java.lang.Object org.springframework.boot.actuate.endpoint.mvc.EndpointMvcAdapter.invoke()
2018-07-23 at 09:10:39 CST INFO  org.springframework.web.servlet.handler.AbstractHandlerMethodMapping$MappingRegistry 543 register - Mapped "{[/health || /health.json],methods=[GET],produces=[application/vnd.spring-boot.actuator.v1+json || application/json]}" onto public java.lang.Object org.springframework.boot.actuate.endpoint.mvc.HealthMvcEndpoint.invoke(javax.servlet.http.HttpServletRequest,java.security.Principal)
2018-07-23 at 09:10:39 CST INFO  springfox.documentation.spring.web.PropertySourcedRequestMappingHandlerMapping 69 initHandlerMethods - Mapped URL path [/v2/api-docs] onto method [public org.springframework.http.ResponseEntity<springfox.documentation.spring.web.json.Json> springfox.documentation.swagger2.web.Swagger2Controller.getDocumentation(java.lang.String,javax.servlet.http.HttpServletRequest)]
2018-07-23 at 09:10:39 CST INFO  org.springframework.web.servlet.mvc.method.annotation.RequestMappingHandlerAdapter 534 initControllerAdviceCache - Looking for @ControllerAdvice: org.springframework.boot.context.embedded.AnnotationConfigEmbeddedWebApplicationContext@f9f8ca3: startup date [Mon Jul 23 09:10:32 CST 2018]; root of context hierarchy
2018-07-23 at 09:10:39 CST INFO  org.springframework.web.servlet.handler.AbstractUrlHandlerMapping 362 registerHandler - Mapped URL path [/swagger/v2/api-docs] onto handler of type [class org.springframework.web.servlet.mvc.ParameterizableViewController]
2018-07-23 at 09:10:39 CST INFO  org.springframework.web.servlet.handler.AbstractUrlHandlerMapping 362 registerHandler - Mapped URL path [/swagger/configuration/security] onto handler of type [class org.springframework.web.servlet.mvc.ParameterizableViewController]
2018-07-23 at 09:10:39 CST INFO  org.springframework.web.servlet.handler.AbstractUrlHandlerMapping 362 registerHandler - Mapped URL path [/swagger/swagger-resources/configuration/ui] onto handler of type [class org.springframework.web.servlet.mvc.ParameterizableViewController]
2018-07-23 at 09:10:39 CST INFO  org.springframework.web.servlet.handler.AbstractUrlHandlerMapping 362 registerHandler - Mapped URL path [/swagger/swagger-resources/**] onto handler of type [class org.springframework.web.servlet.mvc.ParameterizableViewController]
2018-07-23 at 09:10:39 CST INFO  org.springframework.web.servlet.handler.AbstractUrlHandlerMapping 362 registerHandler - Mapped URL path [/swagger/**] onto handler of type [class org.springframework.web.servlet.resource.ResourceHttpRequestHandler]
2018-07-23 at 09:10:39 CST INFO  org.springframework.web.servlet.mvc.method.annotation.ExceptionHandlerExceptionResolver 273 initExceptionHandlerAdviceCache - Detected @ExceptionHandler methods in errorHandler
2018-07-23 at 09:10:39 CST INFO  org.springframework.web.servlet.handler.AbstractUrlHandlerMapping 362 registerHandler - Mapped URL path [/**/favicon.ico] onto handler of type [class org.springframework.web.servlet.resource.ResourceHttpRequestHandler]
2018-07-23 at 09:10:40 CST INFO  org.springframework.ui.freemarker.SpringTemplateLoader 61 <init> - SpringTemplateLoader for FreeMarker: using resource loader [org.springframework.boot.context.embedded.AnnotationConfigEmbeddedWebApplicationContext@f9f8ca3: startup date [Mon Jul 23 09:10:32 CST 2018]; root of context hierarchy] and template loader path [classpath:/templates/]
2018-07-23 at 09:10:40 CST INFO  org.springframework.web.servlet.view.freemarker.FreeMarkerConfigurer 127 postProcessTemplateLoaders - ClassTemplateLoader for Spring macros added to FreeMarker configuration
2018-07-23 at 09:10:40 CST INFO  org.springframework.jmx.export.MBeanExporter 431 afterSingletonsInstantiated - Registering beans for JMX exposure on startup
2018-07-23 at 09:10:40 CST INFO  org.springframework.jmx.export.MBeanExporter 916 autodetect - Bean with name 'dataSource' has been autodetected for JMX exposure
2018-07-23 at 09:10:40 CST INFO  org.springframework.jmx.export.MBeanExporter 671 registerBeanInstance - Located MBean 'dataSource': registering with JMX server as MBean [com.alibaba.druid.pool:name=dataSource,type=DruidDataSource]
2018-07-23 at 09:10:40 CST INFO  org.springframework.jmx.export.MBeanExporter 431 afterSingletonsInstantiated - Registering beans for JMX exposure on startup
2018-07-23 at 09:10:40 CST INFO  org.springframework.context.support.DefaultLifecycleProcessor$LifecycleGroup 343 start - Starting beans in phase 0
2018-07-23 at 09:10:40 CST INFO  org.springframework.jmx.export.MBeanExporter 678 registerBeanInstance - Located managed bean 'auditEventsEndpoint': registering with JMX server as MBean [org.springframework.boot:type=Endpoint,name=auditEventsEndpoint]
2018-07-23 at 09:10:40 CST INFO  org.springframework.jmx.export.MBeanExporter 678 registerBeanInstance - Located managed bean 'requestMappingEndpoint': registering with JMX server as MBean [org.springframework.boot:type=Endpoint,name=requestMappingEndpoint]
2018-07-23 at 09:10:40 CST INFO  org.springframework.jmx.export.MBeanExporter 678 registerBeanInstance - Located managed bean 'environmentEndpoint': registering with JMX server as MBean [org.springframework.boot:type=Endpoint,name=environmentEndpoint]
2018-07-23 at 09:10:40 CST INFO  org.springframework.jmx.export.MBeanExporter 678 registerBeanInstance - Located managed bean 'healthEndpoint': registering with JMX server as MBean [org.springframework.boot:type=Endpoint,name=healthEndpoint]
2018-07-23 at 09:10:40 CST INFO  org.springframework.jmx.export.MBeanExporter 678 registerBeanInstance - Located managed bean 'beansEndpoint': registering with JMX server as MBean [org.springframework.boot:type=Endpoint,name=beansEndpoint]
2018-07-23 at 09:10:40 CST INFO  org.springframework.jmx.export.MBeanExporter 678 registerBeanInstance - Located managed bean 'infoEndpoint': registering with JMX server as MBean [org.springframework.boot:type=Endpoint,name=infoEndpoint]
2018-07-23 at 09:10:40 CST INFO  org.springframework.jmx.export.MBeanExporter 678 registerBeanInstance - Located managed bean 'loggersEndpoint': registering with JMX server as MBean [org.springframework.boot:type=Endpoint,name=loggersEndpoint]
2018-07-23 at 09:10:40 CST INFO  org.springframework.jmx.export.MBeanExporter 678 registerBeanInstance - Located managed bean 'metricsEndpoint': registering with JMX server as MBean [org.springframework.boot:type=Endpoint,name=metricsEndpoint]
2018-07-23 at 09:10:40 CST INFO  org.springframework.jmx.export.MBeanExporter 678 registerBeanInstance - Located managed bean 'traceEndpoint': registering with JMX server as MBean [org.springframework.boot:type=Endpoint,name=traceEndpoint]
2018-07-23 at 09:10:40 CST INFO  org.springframework.jmx.export.MBeanExporter 678 registerBeanInstance - Located managed bean 'dumpEndpoint': registering with JMX server as MBean [org.springframework.boot:type=Endpoint,name=dumpEndpoint]
2018-07-23 at 09:10:40 CST INFO  org.springframework.jmx.export.MBeanExporter 678 registerBeanInstance - Located managed bean 'autoConfigurationReportEndpoint': registering with JMX server as MBean [org.springframework.boot:type=Endpoint,name=autoConfigurationReportEndpoint]
2018-07-23 at 09:10:40 CST INFO  org.springframework.jmx.export.MBeanExporter 678 registerBeanInstance - Located managed bean 'configurationPropertiesReportEndpoint': registering with JMX server as MBean [org.springframework.boot:type=Endpoint,name=configurationPropertiesReportEndpoint]
2018-07-23 at 09:10:40 CST INFO  org.springframework.context.support.DefaultLifecycleProcessor$LifecycleGroup 343 start - Starting beans in phase 2147483647
2018-07-23 at 09:10:40 CST INFO  springfox.documentation.spring.web.plugins.DocumentationPluginsBootstrapper 147 start - Context refreshed
2018-07-23 at 09:10:40 CST INFO  springfox.documentation.spring.web.plugins.DocumentationPluginsBootstrapper 150 start - Found 1 custom documentation plugin(s)
2018-07-23 at 09:10:40 CST INFO  springfox.documentation.spring.web.scanners.ApiListingReferenceScanner 41 scan - Scanning for api listing references
2018-07-23 at 09:10:40 CST INFO  springfox.documentation.spring.web.readers.operation.CachingOperationNameGenerator 40 startingWith - Generating unique operation named: createUsingPOST_1
2018-07-23 at 09:10:40 CST INFO  springfox.documentation.spring.web.readers.operation.CachingOperationNameGenerator 40 startingWith - Generating unique operation named: listByPageUsingPOST_1
2018-07-23 at 09:10:40 CST INFO  springfox.documentation.spring.web.readers.operation.CachingOperationNameGenerator 40 startingWith - Generating unique operation named: modifyUsingPOST_1
2018-07-23 at 09:10:40 CST INFO  springfox.documentation.spring.web.readers.operation.CachingOperationNameGenerator 40 startingWith - Generating unique operation named: removeUsingPOST_1
2018-07-23 at 09:10:40 CST INFO  springfox.documentation.spring.web.readers.operation.CachingOperationNameGenerator 40 startingWith - Generating unique operation named: viewUsingPOST_1
2018-07-23 at 09:10:40 CST INFO  springfox.documentation.spring.web.readers.operation.CachingOperationNameGenerator 40 startingWith - Generating unique operation named: createUsingPOST_2
2018-07-23 at 09:10:40 CST INFO  springfox.documentation.spring.web.readers.operation.CachingOperationNameGenerator 40 startingWith - Generating unique operation named: modifyUsingPOST_2
2018-07-23 at 09:10:40 CST INFO  springfox.documentation.spring.web.readers.operation.CachingOperationNameGenerator 40 startingWith - Generating unique operation named: createUsingPOST_3
2018-07-23 at 09:10:40 CST INFO  springfox.documentation.spring.web.readers.operation.CachingOperationNameGenerator 40 startingWith - Generating unique operation named: listByPageUsingPOST_2
2018-07-23 at 09:10:40 CST INFO  springfox.documentation.spring.web.readers.operation.CachingOperationNameGenerator 40 startingWith - Generating unique operation named: modifyUsingPOST_3
2018-07-23 at 09:10:40 CST INFO  springfox.documentation.spring.web.readers.operation.CachingOperationNameGenerator 40 startingWith - Generating unique operation named: removeUsingPOST_2
2018-07-23 at 09:10:40 CST INFO  springfox.documentation.spring.web.readers.operation.CachingOperationNameGenerator 40 startingWith - Generating unique operation named: viewUsingPOST_2
2018-07-23 at 09:10:41 CST INFO  springfox.documentation.spring.web.readers.operation.CachingOperationNameGenerator 40 startingWith - Generating unique operation named: createUsingPOST_4
2018-07-23 at 09:10:41 CST INFO  springfox.documentation.spring.web.readers.operation.CachingOperationNameGenerator 40 startingWith - Generating unique operation named: listByPageUsingPOST_3
2018-07-23 at 09:10:41 CST INFO  springfox.documentation.spring.web.readers.operation.CachingOperationNameGenerator 40 startingWith - Generating unique operation named: modifyUsingPOST_4
2018-07-23 at 09:10:41 CST INFO  springfox.documentation.spring.web.readers.operation.CachingOperationNameGenerator 40 startingWith - Generating unique operation named: removeUsingPOST_3
2018-07-23 at 09:10:41 CST INFO  springfox.documentation.spring.web.readers.operation.CachingOperationNameGenerator 40 startingWith - Generating unique operation named: viewUsingPOST_3
2018-07-23 at 09:10:41 CST INFO  org.apache.juli.logging.DirectJDKLog 179 log - Initializing ProtocolHandler ["http-nio-9902"]
2018-07-23 at 09:10:41 CST INFO  org.apache.juli.logging.DirectJDKLog 179 log - Starting ProtocolHandler ["http-nio-9902"]
2018-07-23 at 09:10:41 CST INFO  org.apache.juli.logging.DirectJDKLog 179 log - Using a shared selector for servlet write/read
2018-07-23 at 09:10:41 CST INFO  org.springframework.boot.context.embedded.tomcat.TomcatEmbeddedServletContainer 201 start - Tomcat started on port(s): 9902 (http)
2018-07-23 at 09:10:41 CST INFO  com.yxy.dch.seo.information.InitOperateListener 25 run - 系统已经启动，可以在此做一些初始化的操作
2018-07-23 at 09:10:41 CST INFO  org.springframework.boot.StartupInfoLogger 57 logStarted - Started SeoAdminApplication in 9.3 seconds (JVM running for 15.808)
2018-07-23 at 09:19:28 CST INFO  org.springframework.context.support.AbstractApplicationContext 984 doClose - Closing org.springframework.boot.context.embedded.AnnotationConfigEmbeddedWebApplicationContext@f9f8ca3: startup date [Mon Jul 23 09:10:32 CST 2018]; root of context hierarchy
